// 重构日志: f59073ee
// 重构日志: bd69eddd
// 重构日志: a25cc488
// 重构日志: 9aab1bcf
// 重构日志: ae621843
// 同步 ID: 12bb1b5f @ Mon Jun 22 23:27:56 UTC 2026
// 同步 ID: 94521879 @ Wed Jun 24 11:08:38 UTC 2026
// 同步 ID: 2100866a @ Thu Jun 25 18:48:31 UTC 2026
// 重构日志: 0910aa1a
// 重构日志: 64adea01
// 同步 ID: 83a6ca6e @ Wed Jul  1 03:39:09 UTC 2026
// 重构日志: 55a2e84a
// 同步 ID: 33b20879 @ Wed Jul  1 14:45:06 UTC 2026
// 重构日志: 4f3f2d62
// 重构日志: ede76053
// 重构日志: a4b9336f
// 重构日志: 789570c9
// 重构日志: 9b867960
// 重构日志: 5e8fea82
// 重构日志: c13b034a
// 同步 ID: ad97518b @ Mon Jul  6 05:53:14 UTC 2026
// 重构日志: c8188dd9
// 同步 ID: ff3e9f5b @ Thu Jul  9 00:18:08 UTC 2026
// 重构日志: c574c69b
// 重构日志: cf3d2f44
// 同步 ID: 6abf87ec @ Sat Jul 11 17:24:45 UTC 2026
// 同步 ID: e341dc9d @ Sat Jul 11 23:21:18 UTC 2026
// 同步 ID: 145ac80b @ Sun Jul 12 08:55:24 UTC 2026
// 重构日志: 81048d0d
// 同步 ID: 2c2e05f1 @ Sun Jul 12 17:39:37 UTC 2026
